<?xml version="1.0" encoding="UTF-8"?>
<!-- Generated by org.testng.reporters.JUnitReportReporter -->
<testsuite skipped="0" hostname="NganXinhDep" name="ngan.xd.Tests.LoginTest" tests="1" failures="0" timestamp="2022-11-13T12:44:06 ICT" time="10.856" errors="0">
  <testcase name="testLogin" time="10.856" classname="ngan.xd.Tests.LoginTest"/>
  <system-out/>
</testsuite> <!-- ngan.xd.Tests.LoginTest -->
